\BOOKMARK [0][-]{section*.1}{Contents}{}% 1
\BOOKMARK [-1][-]{part.1}{Ratemaking \(Werner \046 Modlin\)}{}% 2
\BOOKMARK [0][-]{chapter.1}{Introduction}{part.1}% 3
\BOOKMARK [1][-]{section.1.1}{ADD THE CAS STATEMENT'S PRINCIPLES!!!!}{chapter.1}% 4
\BOOKMARK [1][-]{section.1.2}{Exposure \046 Premium}{chapter.1}% 5
\BOOKMARK [1][-]{section.1.3}{Claims \046 Losses}{chapter.1}% 6
\BOOKMARK [1][-]{section.1.4}{Underwriting Expenses}{chapter.1}% 7
\BOOKMARK [1][-]{section.1.5}{Prospective Ratemaking \046 Experience Adjustments}{chapter.1}% 8
\BOOKMARK [1][-]{section.1.6}{Basic Insurance Ratios}{chapter.1}% 9
\BOOKMARK [0][-]{chapter.2}{Rating Manuals}{part.1}% 10
\BOOKMARK [0][-]{chapter.3}{Ratemaking Data}{part.1}% 11
\BOOKMARK [1][-]{section.3.1}{Data Aggregation}{chapter.3}% 12
\BOOKMARK [0][-]{chapter.4}{Exposures}{part.1}% 13
\BOOKMARK [1][-]{section.4.1}{Criteria For Exposure Bases}{chapter.4}% 14
\BOOKMARK [1][-]{section.4.2}{Aggregation of Exposures \(One-year Policies\)}{chapter.4}% 15
\BOOKMARK [1][-]{section.4.3}{Aggregating With Other Policy Terms}{chapter.4}% 16
\BOOKMARK [1][-]{section.4.4}{Calculation of Blocks of Experience}{chapter.4}% 17
\BOOKMARK [0][-]{chapter.5}{Premiums}{part.1}% 18
\BOOKMARK [1][-]{section.5.1}{Premium Aggregation}{chapter.5}% 19
\BOOKMARK [1][-]{section.5.2}{Adjustment To Premium : Extension of Exposures}{chapter.5}% 20
\BOOKMARK [1][-]{section.5.3}{Parallelogram Method}{chapter.5}% 21
\BOOKMARK [1][-]{section.5.4}{Premium Development}{chapter.5}% 22
\BOOKMARK [1][-]{section.5.5}{Exposure trend}{chapter.5}% 23
\BOOKMARK [1][-]{section.5.6}{Premium trend \(One/Two-Step Trending\)}{chapter.5}% 24
\BOOKMARK [0][-]{chapter.6}{Losses and ALAE}{part.1}% 25
\BOOKMARK [1][-]{section.6.1}{Excess Losses}{chapter.6}% 26
\BOOKMARK [0][-]{chapter.7}{UW Expenses Ratios}{part.1}% 27
\BOOKMARK [1][-]{section.7.1}{Variable Expense Ratio}{chapter.7}% 28
\BOOKMARK [1][-]{section.7.2}{Fixed Expenses Ratio}{chapter.7}% 29
\BOOKMARK [0][-]{chapter.8}{Special Classification}{part.1}% 30
\BOOKMARK [1][-]{section.8.1}{Increased Limit Factors}{chapter.8}% 31
\BOOKMARK [0][-]{chapter.9}{Credibility}{part.1}% 32
\BOOKMARK [1][-]{section.9.1}{Loss Costs of a Larger Group \(Including the Group being Rated\)}{chapter.9}% 33
\BOOKMARK [1][-]{section.9.2}{Loss Costs of a Larger Related Group}{chapter.9}% 34
\BOOKMARK [1][-]{section.9.3}{Rate Change from a Larger Group Applied to Present Rates}{chapter.9}% 35
\BOOKMARK [1][-]{section.9.4}{Harwayne's Method}{chapter.9}% 36
\BOOKMARK [1][-]{section.9.5}{Trended Present Rates}{chapter.9}% 37
\BOOKMARK [1][-]{section.9.6}{Excess Ratemaking : Increased Limits Analysis}{chapter.9}% 38
\BOOKMARK [1][-]{section.9.7}{Excess Ratemaking : Lower Limits Analysis}{chapter.9}% 39
\BOOKMARK [1][-]{section.9.8}{Excess Ratemaking : Limits Analysis}{chapter.9}% 40
\BOOKMARK [0][-]{chapter.10}{Commercial Lines Rating}{part.1}% 41
\BOOKMARK [1][-]{section.10.1}{Experience Rating : ISO Rating Plan}{chapter.10}% 42
\BOOKMARK [0][-]{chapter.11}{Claims-Made Ratemaking}{part.1}% 43
\BOOKMARK [-1][-]{part.2}{Reserving \(Freidland\)}{}% 44
\BOOKMARK [0][-]{chapter.12}{Overview}{part.2}% 45
\BOOKMARK [0][-]{chapter.13}{Development Technique}{part.2}% 46
\BOOKMARK [1][-]{section.13.1}{Key Assumptions}{chapter.13}% 47
\BOOKMARK [1][-]{section.13.2}{Evaluating the tail factor}{chapter.13}% 48
\BOOKMARK [0][-]{chapter.14}{Bornhuetter-Ferguson}{part.2}% 49
\BOOKMARK [1][-]{section.14.1}{Calculations}{chapter.14}% 50
\BOOKMARK [1][-]{section.14.2}{Key Assumptions}{chapter.14}% 51
\BOOKMARK [0][-]{chapter.15}{Cape Cod Technique}{part.2}% 52
\BOOKMARK [1][-]{section.15.1}{Calculations}{chapter.15}% 53
\BOOKMARK [1][-]{section.15.2}{Key Assumptions}{chapter.15}% 54
\BOOKMARK [0][-]{chapter.16}{Frequency-Severity Techniques}{part.2}% 55
\BOOKMARK [1][-]{section.16.1}{Key Assumptions}{chapter.16}% 56
\BOOKMARK [1][-]{section.16.2}{Disposal Rates Technique}{chapter.16}% 57
\BOOKMARK [0][-]{chapter.17}{Case Outstanding Technique}{part.2}% 58
\BOOKMARK [1][-]{section.17.1}{Technique \0431}{chapter.17}% 59
\BOOKMARK [1][-]{section.17.2}{Technique \0432}{chapter.17}% 60
\BOOKMARK [0][-]{chapter.18}{Berquist-Sherman Techniques}{part.2}% 61
\BOOKMARK [1][-]{section.18.1}{Claim Settlement Rates Changes}{chapter.18}% 62
\BOOKMARK [1][-]{section.18.2}{Case Adequacy Adjustment}{chapter.18}% 63
\BOOKMARK [0][-]{chapter.19}{ALAE Estimation}{part.2}% 64
\BOOKMARK [0][-]{chapter.20}{ULAE Estimation}{part.2}% 65
\BOOKMARK [1][-]{section.20.1}{Dollar-Based Techniques}{chapter.20}% 66
\BOOKMARK [0][-]{chapter.21}{Evaluating of techniques}{part.2}% 67
